<?xml version="1.0" encoding="UTF-8"?>
<coverage generated="1786999490138" clover="3.2.0">
  <project timestamp="1786999490138" name="All files">
    <metrics statements="183" coveredstatements="174" conditionals="168" coveredconditionals="119" methods="45" coveredmethods="43" elements="396" coveredelements="336" complexity="0" loc="183" ncloc="183" packages="4" files="6" classes="6"/>
    <package name="config.src">
      <metrics statements="24" coveredstatements="24" conditionals="6" coveredconditionals="6" methods="10" coveredmethods="10"/>
      <file name="index.ts" path="C:\Users\Rodrigo Challco\Downloads\AURORA SABBI\packages\config\src\index.ts">
        <metrics statements="6" coveredstatements="6" conditionals="2" coveredconditionals="2" methods="5" coveredmethods="5"/>
        <line num="15" count="1" type="stmt"/>
        <line num="24" count="10" type="stmt"/>
        <line num="38" count="2" type="stmt"/>
        <line num="39" count="5" type="stmt"/>
        <line num="40" count="2" type="cond" truecount="2" falsecount="0"/>
        <line num="41" count="5" type="stmt"/>
      </file>
      <file name="schema.ts" path="C:\Users\Rodrigo Challco\Downloads\AURORA SABBI\packages\config\src\schema.ts">
        <metrics statements="18" coveredstatements="18" conditionals="4" coveredconditionals="4" methods="5" coveredmethods="5"/>
        <line num="11" count="1" type="stmt"/>
        <line num="19" count="1" type="stmt"/>
        <line num="22" count="1" type="stmt"/>
        <line num="27" count="1" type="stmt"/>
        <line num="28" count="5" type="stmt"/>
        <line num="34" count="1" type="stmt"/>
        <line num="40" count="1" type="stmt"/>
        <line num="46" count="1" type="stmt"/>
        <line num="54" count="5" type="stmt"/>
        <line num="61" count="5" type="stmt"/>
        <line num="62" count="125" type="stmt"/>
        <line num="65" count="25" type="cond" truecount="2" falsecount="0"/>
        <line num="66" count="3" type="stmt"/>
        <line num="73" count="25" type="stmt"/>
        <line num="74" count="325" type="stmt"/>
        <line num="75" count="125" type="stmt"/>
        <line num="76" count="125" type="cond" truecount="2" falsecount="0"/>
        <line num="77" count="2" type="stmt"/>
      </file>
    </package>
    <package name="core.src">
      <metrics statements="0" coveredstatements="0" conditionals="0" coveredconditionals="0" methods="0" coveredmethods="0"/>
      <file name="index.ts" path="C:\Users\Rodrigo Challco\Downloads\AURORA SABBI\packages\core\src\index.ts">
        <metrics statements="0" coveredstatements="0" conditionals="0" coveredconditionals="0" methods="0" coveredmethods="0"/>
      </file>
    </package>
    <package name="core.src.domain">
      <metrics statements="4" coveredstatements="4" conditionals="0" coveredconditionals="0" methods="0" coveredmethods="0"/>
      <file name="tipos.ts" path="C:\Users\Rodrigo Challco\Downloads\AURORA SABBI\packages\core\src\domain\tipos.ts">
        <metrics statements="4" coveredstatements="4" conditionals="0" coveredconditionals="0" methods="0" coveredmethods="0"/>
        <line num="9" count="1" type="stmt"/>
        <line num="19" count="1" type="stmt"/>
        <line num="29" count="1" type="stmt"/>
        <line num="33" count="1" type="stmt"/>
      </file>
    </package>
    <package name="core.src.rules">
      <metrics statements="155" coveredstatements="146" conditionals="162" coveredconditionals="113" methods="35" coveredmethods="33"/>
      <file name="cascada.ts" path="C:\Users\Rodrigo Challco\Downloads\AURORA SABBI\packages\core\src\rules\cascada.ts">
        <metrics statements="105" coveredstatements="96" conditionals="122" coveredconditionals="76" methods="26" coveredmethods="24"/>
        <line num="22" count="1" type="stmt"/>
        <line num="25" count="1" type="stmt"/>
        <line num="28" count="1" type="stmt"/>
        <line num="30" count="1" type="stmt"/>
        <line num="31" count="1" type="stmt"/>
        <line num="32" count="1" type="stmt"/>
        <line num="33" count="1" type="stmt"/>
        <line num="62" count="21" type="stmt"/>
        <line num="63" count="21" type="cond" truecount="2" falsecount="0"/>
        <line num="64" count="20" type="cond" truecount="2" falsecount="0"/>
        <line num="66" count="90" type="cond" truecount="1" falsecount="1"/>
        <line num="67" count="19" type="cond" truecount="2" falsecount="0"/>
        <line num="71" count="18" type="cond" truecount="2" falsecount="0"/>
        <line num="73" count="85" type="cond" truecount="1" falsecount="1"/>
        <line num="74" count="85" type="cond" truecount="1" falsecount="1"/>
        <line num="75" count="85" type="stmt"/>
        <line num="77" count="17" type="stmt"/>
        <line num="79" count="17" type="stmt"/>
        <line num="80" count="85" type="cond" truecount="1" falsecount="1"/>
        <line num="81" count="85" type="stmt"/>
        <line num="82" count="66" type="stmt"/>
        <line num="91" count="17" type="stmt"/>
        <line num="92" count="17" type="stmt"/>
        <line num="93" count="17" type="stmt"/>
        <line num="95" count="17" type="stmt"/>
        <line num="97" count="17" type="stmt"/>
        <line num="98" count="68" type="cond" truecount="2" falsecount="2"/>
        <line num="99" count="17" type="cond" truecount="1" falsecount="1"/>
        <line num="102" count="17" type="stmt"/>
        <line num="103" count="17" type="stmt"/>
        <line num="104" count="59" type="cond" truecount="3" falsecount="1"/>
        <line num="107" count="17" type="stmt"/>
        <line num="108" count="17" type="cond" truecount="1" falsecount="1"/>
        <line num="109" count="17" type="stmt"/>
        <line num="110" count="17" type="stmt"/>
        <line num="113" count="0" type="stmt"/>
        <line num="114" count="0" type="cond" truecount="0" falsecount="2"/>
        <line num="115" count="0" type="cond" truecount="0" falsecount="6"/>
        <line num="116" count="0" type="stmt"/>
        <line num="120" count="17" type="stmt"/>
        <line num="121" count="85" type="cond" truecount="2" falsecount="0"/>
        <line num="122" count="17" type="cond" truecount="1" falsecount="1"/>
        <line num="123" count="42" type="cond" truecount="4" falsecount="2"/>
        <line num="124" count="59" type="cond" truecount="1" falsecount="1"/>
        <line num="125" count="17" type="cond" truecount="1" falsecount="1"/>
        <line num="127" count="17" type="stmt"/>
        <line num="137" count="17" type="stmt"/>
        <line num="138" count="43" type="stmt"/>
        <line num="139" count="163" type="cond" truecount="1" falsecount="1"/>
        <line num="140" count="43" type="cond" truecount="4" falsecount="0"/>
        <line num="142" count="163" type="cond" truecount="1" falsecount="1"/>
        <line num="144" count="40" type="stmt"/>
        <line num="145" count="40" type="stmt"/>
        <line num="146" count="40" type="stmt"/>
        <line num="147" count="160" type="stmt"/>
        <line num="148" count="160" type="cond" truecount="4" falsecount="0"/>
        <line num="149" count="51" type="stmt"/>
        <line num="150" count="51" type="stmt"/>
        <line num="154" count="40" type="cond" truecount="2" falsecount="0"/>
        <line num="156" count="15" type="cond" truecount="2" falsecount="0"/>
        <line num="157" count="1" type="stmt"/>
        <line num="158" count="3" type="stmt"/>
        <line num="159" count="3" type="cond" truecount="2" falsecount="0"/>
        <line num="160" count="2" type="stmt"/>
        <line num="161" count="2" type="stmt"/>
        <line num="166" count="26" type="cond" truecount="1" falsecount="1"/>
        <line num="167" count="26" type="stmt"/>
        <line num="185" count="17" type="stmt"/>
        <line num="186" count="17" type="stmt"/>
        <line num="188" count="17" type="stmt"/>
        <line num="189" count="123" type="stmt"/>
        <line num="191" count="123" type="cond" truecount="3" falsecount="1"/>
        <line num="192" count="32" type="cond" truecount="1" falsecount="1"/>
        <line num="193" count="98" type="cond" truecount="1" falsecount="1"/>
        <line num="194" count="32" type="cond" truecount="3" falsecount="1"/>
        <line num="196" count="32" type="stmt"/>
        <line num="197" count="32" type="stmt"/>
        <line num="198" count="32" type="stmt"/>
        <line num="199" count="98" type="cond" truecount="2" falsecount="2"/>
        <line num="200" count="98" type="cond" truecount="2" falsecount="0"/>
        <line num="201" count="21" type="stmt"/>
        <line num="202" count="21" type="stmt"/>
        <line num="205" count="32" type="cond" truecount="2" falsecount="0"/>
        <line num="206" count="15" type="stmt"/>
        <line num="209" count="32" type="stmt"/>
        <line num="210" count="32" type="stmt"/>
        <line num="211" count="59" type="stmt"/>
        <line num="212" count="59" type="cond" truecount="3" falsecount="1"/>
        <line num="213" count="44" type="cond" truecount="1" falsecount="1"/>
        <line num="215" count="32" type="cond" truecount="4" falsecount="0"/>
        <line num="216" count="59" type="cond" truecount="3" falsecount="1"/>
        <line num="217" count="17" type="stmt"/>
        <line num="218" count="44" type="cond" truecount="1" falsecount="1"/>
        <line num="219" count="44" type="cond" truecount="1" falsecount="1"/>
        <line num="220" count="44" type="cond" truecount="2" falsecount="2"/>
        <line num="221" count="44" type="stmt"/>
        <line num="223" count="17" type="stmt"/>
        <line num="227" count="0" type="cond" truecount="0" falsecount="2"/>
        <line num="228" count="0" type="cond" truecount="0" falsecount="4"/>
        <line num="229" count="0" type="stmt"/>
        <line num="230" count="0" type="cond" truecount="0" falsecount="2"/>
        <line num="231" count="0" type="stmt"/>
        <line num="235" count="158" type="stmt"/>
        <line num="236" count="790" type="cond" truecount="2" falsecount="0"/>
        <line num="237" count="158" type="stmt"/>
      </file>
      <file name="reparto.ts" path="C:\Users\Rodrigo Challco\Downloads\AURORA SABBI\packages\core\src\rules\reparto.ts">
        <metrics statements="50" coveredstatements="50" conditionals="40" coveredconditionals="37" methods="9" coveredmethods="9"/>
        <line num="11" count="1" type="stmt"/>
        <line num="14" count="1" type="stmt"/>
        <line num="41" count="18" type="cond" truecount="4" falsecount="0"/>
        <line num="42" count="1" type="stmt"/>
        <line num="47" count="17" type="stmt"/>
        <line num="48" count="80" type="cond" truecount="2" falsecount="0"/>
        <line num="49" count="17" type="cond" truecount="2" falsecount="0"/>
        <line num="50" count="1" type="stmt"/>
        <line num="56" count="75" type="cond" truecount="1" falsecount="1"/>
        <line num="59" count="15" type="stmt"/>
        <line num="60" count="15" type="stmt"/>
        <line num="61" count="75" type="cond" truecount="2" falsecount="0"/>
        <line num="62" count="2" type="cond" truecount="2" falsecount="0"/>
        <line num="63" count="2" type="cond" truecount="2" falsecount="0"/>
        <line num="67" count="15" type="stmt"/>
        <line num="68" count="15" type="stmt"/>
        <line num="69" count="15" type="stmt"/>
        <line num="70" count="15" type="stmt"/>
        <line num="72" count="15" type="stmt"/>
        <line num="73" count="26" type="stmt"/>
        <line num="75" count="111" type="stmt"/>
        <line num="76" count="26" type="cond" truecount="4" falsecount="0"/>
        <line num="77" count="1" type="stmt"/>
        <line num="78" count="1" type="stmt"/>
        <line num="79" count="1" type="stmt"/>
        <line num="82" count="25" type="stmt"/>
        <line num="83" count="111" type="stmt"/>
        <line num="85" count="25" type="stmt"/>
        <line num="86" count="111" type="cond" truecount="3" falsecount="1"/>
        <line num="88" count="25" type="cond" truecount="2" falsecount="0"/>
        <line num="90" count="11" type="stmt"/>
        <line num="91" count="15" type="cond" truecount="2" falsecount="0"/>
        <line num="92" count="15" type="stmt"/>
        <line num="93" count="15" type="stmt"/>
        <line num="94" count="15" type="stmt"/>
        <line num="98" count="15" type="stmt"/>
        <line num="99" count="75" type="cond" truecount="2" falsecount="0"/>
        <line num="100" count="75" type="stmt"/>
        <line num="101" count="75" type="cond" truecount="5" falsecount="1"/>
        <line num="102" count="75" type="stmt"/>
        <line num="111" count="15" type="stmt"/>
        <line num="115" count="17" type="stmt"/>
        <line num="116" count="17" type="stmt"/>
        <line num="117" count="19" type="cond" truecount="2" falsecount="0"/>
        <line num="118" count="1" type="stmt"/>
        <line num="120" count="18" type="cond" truecount="2" falsecount="0"/>
        <line num="122" count="16" type="stmt"/>
        <line num="126" count="15" type="stmt"/>
        <line num="127" count="15" type="stmt"/>
        <line num="128" count="15" type="stmt"/>
      </file>
    </package>
  </project>
</coverage>
