{"C:\\Users\\Rodrigo Challco\\Downloads\\AURORA SABBI\\packages\\config\\src\\index.ts": {"path":"C:\\Users\\Rodrigo Challco\\Downloads\\AURORA SABBI\\packages\\config\\src\\index.ts","statementMap":{"0":{"start":{"line":15,"column":38},"end":{"line":15,"column":null}},"1":{"start":{"line":24,"column":2},"end":{"line":24,"column":null}},"2":{"start":{"line":24,"column":46},"end":{"line":24,"column":85}},"3":{"start":{"line":38,"column":20},"end":{"line":38,"column":null}},"4":{"start":{"line":39,"column":16},"end":{"line":39,"column":null}},"5":{"start":{"line":39,"column":45},"end":{"line":39,"column":68}},"6":{"start":{"line":40,"column":2},"end":{"line":40,"column":null}},"7":{"start":{"line":40,"column":18},"end":{"line":40,"column":null}},"8":{"start":{"line":41,"column":2},"end":{"line":41,"column":null}},"9":{"start":{"line":41,"column":49},"end":{"line":41,"column":84}}},"fnMap":{"0":{"name":"benchmarkDe","decl":{"start":{"line":23,"column":16},"end":{"line":23,"column":28}},"loc":{"start":{"line":23,"column":73},"end":{"line":28,"column":null}},"line":23},"1":{"name":"(anonymous_1)","decl":{"start":{"line":24,"column":35},"end":{"line":24,"column":40}},"loc":{"start":{"line":24,"column":46},"end":{"line":24,"column":85}},"line":24},"2":{"name":"pesosDeClase","decl":{"start":{"line":37,"column":16},"end":{"line":37,"column":29}},"loc":{"start":{"line":37,"column":89},"end":{"line":42,"column":null}},"line":37},"3":{"name":"(anonymous_3)","decl":{"start":{"line":39,"column":26},"end":{"line":39,"column":34}},"loc":{"start":{"line":39,"column":45},"end":{"line":39,"column":68}},"line":39},"4":{"name":"(anonymous_4)","decl":{"start":{"line":41,"column":38},"end":{"line":41,"column":43}},"loc":{"start":{"line":41,"column":49},"end":{"line":41,"column":84}},"line":41}},"branchMap":{"0":{"loc":{"start":{"line":40,"column":2},"end":{"line":40,"column":null}},"type":"if","locations":[{"start":{"line":40,"column":2},"end":{"line":40,"column":null}},{"start":{},"end":{}}],"line":40}},"s":{"0":1,"1":2,"2":10,"3":2,"4":2,"5":5,"6":2,"7":1,"8":1,"9":5},"f":{"0":2,"1":10,"2":2,"3":5,"4":5},"b":{"0":[1,1]},"meta":{"lastBranch":1,"lastFunction":5,"lastStatement":10,"seen":{"s:15:38:15:Infinity":0,"f:23:16:23:28":0,"s:24:2:24:Infinity":1,"f:24:35:24:40":1,"s:24:46:24:85":2,"f:37:16:37:29":2,"s:38:20:38:Infinity":3,"s:39:16:39:Infinity":4,"f:39:26:39:34":3,"s:39:45:39:68":5,"b:40:2:40:Infinity:undefined:undefined:undefined:undefined":0,"s:40:2:40:Infinity":6,"s:40:18:40:Infinity":7,"s:41:2:41:Infinity":8,"f:41:38:41:43":4,"s:41:49:41:84":9},"fnNames":{}}}
,"C:\\Users\\Rodrigo Challco\\Downloads\\AURORA SABBI\\packages\\config\\src\\schema.ts": {"path":"C:\\Users\\Rodrigo Challco\\Downloads\\AURORA SABBI\\packages\\config\\src\\schema.ts","statementMap":{"0":{"start":{"line":11,"column":24},"end":{"line":17,"column":null}},"1":{"start":{"line":19,"column":22},"end":{"line":19,"column":null}},"2":{"start":{"line":22,"column":13},"end":{"line":25,"column":null}},"3":{"start":{"line":27,"column":23},"end":{"line":32,"column":null}},"4":{"start":{"line":28,"column":41},"end":{"line":28,"column":50}},"5":{"start":{"line":34,"column":17},"end":{"line":38,"column":null}},"6":{"start":{"line":40,"column":14},"end":{"line":44,"column":null}},"7":{"start":{"line":46,"column":32},"end":{"line":87,"column":null}},"8":{"start":{"line":54,"column":43},"end":{"line":54,"column":53}},"9":{"start":{"line":61,"column":4},"end":{"line":86,"column":null}},"10":{"start":{"line":62,"column":20},"end":{"line":62,"column":null}},"11":{"start":{"line":62,"column":46},"end":{"line":62,"column":81}},"12":{"start":{"line":65,"column":6},"end":{"line":71,"column":null}},"13":{"start":{"line":66,"column":8},"end":{"line":70,"column":null}},"14":{"start":{"line":73,"column":6},"end":{"line":85,"column":null}},"15":{"start":{"line":74,"column":22},"end":{"line":74,"column":null}},"16":{"start":{"line":74,"column":65},"end":{"line":74,"column":88}},"17":{"start":{"line":75,"column":22},"end":{"line":75,"column":null}},"18":{"start":{"line":76,"column":8},"end":{"line":84,"column":null}},"19":{"start":{"line":77,"column":10},"end":{"line":83,"column":null}}},"fnMap":{"0":{"name":"(anonymous_0)","decl":{"start":{"line":28,"column":30},"end":{"line":28,"column":35}},"loc":{"start":{"line":28,"column":41},"end":{"line":28,"column":50}},"line":28},"1":{"name":"(anonymous_1)","decl":{"start":{"line":54,"column":32},"end":{"line":54,"column":37}},"loc":{"start":{"line":54,"column":43},"end":{"line":54,"column":53}},"line":54},"2":{"name":"(anonymous_2)","decl":{"start":{"line":60,"column":3},"end":{"line":60,"column":16}},"loc":{"start":{"line":60,"column":29},"end":{"line":87,"column":3}},"line":60},"3":{"name":"(anonymous_3)","decl":{"start":{"line":62,"column":27},"end":{"line":62,"column":35}},"loc":{"start":{"line":62,"column":46},"end":{"line":62,"column":81}},"line":62},"4":{"name":"(anonymous_4)","decl":{"start":{"line":74,"column":46},"end":{"line":74,"column":54}},"loc":{"start":{"line":74,"column":65},"end":{"line":74,"column":88}},"line":74}},"branchMap":{"0":{"loc":{"start":{"line":65,"column":6},"end":{"line":71,"column":null}},"type":"if","locations":[{"start":{"line":65,"column":6},"end":{"line":71,"column":null}},{"start":{},"end":{}}],"line":65},"1":{"loc":{"start":{"line":76,"column":8},"end":{"line":84,"column":null}},"type":"if","locations":[{"start":{"line":76,"column":8},"end":{"line":84,"column":null}},{"start":{},"end":{}}],"line":76}},"s":{"0":1,"1":1,"2":1,"3":1,"4":5,"5":1,"6":1,"7":1,"8":5,"9":5,"10":25,"11":125,"12":25,"13":3,"14":25,"15":125,"16":325,"17":125,"18":125,"19":2},"f":{"0":5,"1":5,"2":5,"3":125,"4":325},"b":{"0":[3,22],"1":[2,123]},"meta":{"lastBranch":2,"lastFunction":5,"lastStatement":20,"seen":{"s:11:24:17:Infinity":0,"s:19:22:19:Infinity":1,"s:22:13:25:Infinity":2,"s:27:23:32:Infinity":3,"f:28:30:28:35":0,"s:28:41:28:50":4,"s:34:17:38:Infinity":5,"s:40:14:44:Infinity":6,"s:46:32:87:Infinity":7,"f:54:32:54:37":1,"s:54:43:54:53":8,"f:60:3:60:16":2,"s:61:4:86:Infinity":9,"s:62:20:62:Infinity":10,"f:62:27:62:35":3,"s:62:46:62:81":11,"b:65:6:71:Infinity:undefined:undefined:undefined:undefined":0,"s:65:6:71:Infinity":12,"s:66:8:70:Infinity":13,"s:73:6:85:Infinity":14,"s:74:22:74:Infinity":15,"f:74:46:74:54":4,"s:74:65:74:88":16,"s:75:22:75:Infinity":17,"b:76:8:84:Infinity:undefined:undefined:undefined:undefined":1,"s:76:8:84:Infinity":18,"s:77:10:83:Infinity":19},"fnNames":{}}}
,"C:\\Users\\Rodrigo Challco\\Downloads\\AURORA SABBI\\packages\\core\\src\\index.ts": {"path":"C:\\Users\\Rodrigo Challco\\Downloads\\AURORA SABBI\\packages\\core\\src\\index.ts","statementMap":{},"fnMap":{},"branchMap":{},"s":{},"f":{},"b":{},"meta":{"lastBranch":0,"lastFunction":0,"lastStatement":0,"seen":{},"fnNames":{}}}
,"C:\\Users\\Rodrigo Challco\\Downloads\\AURORA SABBI\\packages\\core\\src\\domain\\tipos.ts": {"path":"C:\\Users\\Rodrigo Challco\\Downloads\\AURORA SABBI\\packages\\core\\src\\domain\\tipos.ts","statementMap":{"0":{"start":{"line":9,"column":24},"end":{"line":15,"column":null}},"1":{"start":{"line":19,"column":25},"end":{"line":19,"column":null}},"2":{"start":{"line":29,"column":22},"end":{"line":29,"column":null}},"3":{"start":{"line":33,"column":20},"end":{"line":33,"column":null}}},"fnMap":{},"branchMap":{},"s":{"0":1,"1":1,"2":1,"3":1},"f":{},"b":{},"meta":{"lastBranch":0,"lastFunction":0,"lastStatement":4,"seen":{"s:9:24:15:Infinity":0,"s:19:25:19:Infinity":1,"s:29:22:29:Infinity":2,"s:33:20:33:Infinity":3},"fnNames":{}}}
,"C:\\Users\\Rodrigo Challco\\Downloads\\AURORA SABBI\\packages\\core\\src\\rules\\cascada.ts": {"path":"C:\\Users\\Rodrigo Challco\\Downloads\\AURORA SABBI\\packages\\core\\src\\rules\\cascada.ts","statementMap":{"0":{"start":{"line":22,"column":24},"end":{"line":22,"column":null}},"1":{"start":{"line":25,"column":23},"end":{"line":25,"column":null}},"2":{"start":{"line":28,"column":19},"end":{"line":28,"column":null}},"3":{"start":{"line":30,"column":12},"end":{"line":30,"column":null}},"4":{"start":{"line":31,"column":12},"end":{"line":31,"column":null}},"5":{"start":{"line":32,"column":20},"end":{"line":32,"column":null}},"6":{"start":{"line":33,"column":19},"end":{"line":33,"column":null}},"7":{"start":{"line":62,"column":37},"end":{"line":62,"column":null}},"8":{"start":{"line":63,"column":2},"end":{"line":63,"column":null}},"9":{"start":{"line":63,"column":25},"end":{"line":63,"column":null}},"10":{"start":{"line":64,"column":2},"end":{"line":64,"column":null}},"11":{"start":{"line":64,"column":23},"end":{"line":64,"column":null}},"12":{"start":{"line":66,"column":18},"end":{"line":66,"column":null}},"13":{"start":{"line":66,"column":45},"end":{"line":66,"column":70}},"14":{"start":{"line":67,"column":2},"end":{"line":67,"column":null}},"15":{"start":{"line":67,"column":28},"end":{"line":67,"column":null}},"16":{"start":{"line":71,"column":2},"end":{"line":71,"column":null}},"17":{"start":{"line":71,"column":37},"end":{"line":71,"column":null}},"18":{"start":{"line":73,"column":20},"end":{"line":73,"column":null}},"19":{"start":{"line":73,"column":47},"end":{"line":73,"column":70}},"20":{"start":{"line":74,"column":19},"end":{"line":74,"column":null}},"21":{"start":{"line":74,"column":39},"end":{"line":74,"column":78}},"22":{"start":{"line":75,"column":16},"end":{"line":75,"column":null}},"23":{"start":{"line":75,"column":36},"end":{"line":75,"column":48}},"24":{"start":{"line":77,"column":18},"end":{"line":77,"column":null}},"25":{"start":{"line":79,"column":2},"end":{"line":82,"column":null}},"26":{"start":{"line":80,"column":25},"end":{"line":80,"column":58}},"27":{"start":{"line":81,"column":19},"end":{"line":81,"column":30}},"28":{"start":{"line":82,"column":20},"end":{"line":82,"column":33}},"29":{"start":{"line":91,"column":12},"end":{"line":91,"column":null}},"30":{"start":{"line":92,"column":15},"end":{"line":92,"column":null}},"31":{"start":{"line":93,"column":16},"end":{"line":93,"column":null}},"32":{"start":{"line":95,"column":2},"end":{"line":95,"column":null}},"33":{"start":{"line":97,"column":2},"end":{"line":117,"column":null}},"34":{"start":{"line":97,"column":19},"end":{"line":97,"column":22}},"35":{"start":{"line":98,"column":18},"end":{"line":98,"column":null}},"36":{"start":{"line":98,"column":46},"end":{"line":98,"column":91}},"37":{"start":{"line":99,"column":4},"end":{"line":99,"column":null}},"38":{"start":{"line":99,"column":28},"end":{"line":99,"column":null}},"39":{"start":{"line":102,"column":17},"end":{"line":102,"column":null}},"40":{"start":{"line":103,"column":4},"end":{"line":105,"column":null}},"41":{"start":{"line":104,"column":6},"end":{"line":104,"column":null}},"42":{"start":{"line":107,"column":20},"end":{"line":107,"column":null}},"43":{"start":{"line":108,"column":4},"end":{"line":111,"column":null}},"44":{"start":{"line":109,"column":6},"end":{"line":109,"column":null}},"45":{"start":{"line":110,"column":6},"end":{"line":110,"column":null}},"46":{"start":{"line":113,"column":18},"end":{"line":113,"column":null}},"47":{"start":{"line":114,"column":4},"end":{"line":114,"column":null}},"48":{"start":{"line":114,"column":27},"end":{"line":114,"column":null}},"49":{"start":{"line":115,"column":21},"end":{"line":115,"column":null}},"50":{"start":{"line":115,"column":38},"end":{"line":115,"column":94}},"51":{"start":{"line":116,"column":4},"end":{"line":116,"column":null}},"52":{"start":{"line":120,"column":16},"end":{"line":120,"column":null}},"53":{"start":{"line":121,"column":2},"end":{"line":121,"column":null}},"54":{"start":{"line":121,"column":15},"end":{"line":121,"column":18}},"55":{"start":{"line":121,"column":33},"end":{"line":121,"column":null}},"56":{"start":{"line":121,"column":47},"end":{"line":121,"column":null}},"57":{"start":{"line":122,"column":2},"end":{"line":126,"column":null}},"58":{"start":{"line":123,"column":18},"end":{"line":123,"column":null}},"59":{"start":{"line":123,"column":35},"end":{"line":123,"column":89}},"60":{"start":{"line":124,"column":21},"end":{"line":124,"column":null}},"61":{"start":{"line":124,"column":46},"end":{"line":124,"column":71}},"62":{"start":{"line":125,"column":4},"end":{"line":125,"column":null}},"63":{"start":{"line":127,"column":2},"end":{"line":127,"column":null}},"64":{"start":{"line":137,"column":2},"end":{"line":168,"column":null}},"65":{"start":{"line":137,"column":20},"end":{"line":137,"column":23}},"66":{"start":{"line":138,"column":18},"end":{"line":138,"column":null}},"67":{"start":{"line":139,"column":22},"end":{"line":139,"column":null}},"68":{"start":{"line":139,"column":47},"end":{"line":139,"column":70}},"69":{"start":{"line":140,"column":4},"end":{"line":140,"column":null}},"70":{"start":{"line":140,"column":47},"end":{"line":140,"column":null}},"71":{"start":{"line":142,"column":10},"end":{"line":142,"column":null}},"72":{"start":{"line":142,"column":35},"end":{"line":142,"column":null}},"73":{"start":{"line":144,"column":15},"end":{"line":144,"column":null}},"74":{"start":{"line":145,"column":16},"end":{"line":145,"column":null}},"75":{"start":{"line":146,"column":4},"end":{"line":152,"column":null}},"76":{"start":{"line":147,"column":16},"end":{"line":147,"column":null}},"77":{"start":{"line":148,"column":6},"end":{"line":151,"column":null}},"78":{"start":{"line":149,"column":8},"end":{"line":149,"column":null}},"79":{"start":{"line":150,"column":8},"end":{"line":150,"column":null}},"80":{"start":{"line":154,"column":4},"end":{"line":164,"column":null}},"81":{"start":{"line":156,"column":6},"end":{"line":156,"column":null}},"82":{"start":{"line":156,"column":48},"end":{"line":156,"column":null}},"83":{"start":{"line":157,"column":6},"end":{"line":163,"column":null}},"84":{"start":{"line":158,"column":18},"end":{"line":158,"column":null}},"85":{"start":{"line":159,"column":8},"end":{"line":162,"column":null}},"86":{"start":{"line":160,"column":10},"end":{"line":160,"column":null}},"87":{"start":{"line":161,"column":10},"end":{"line":161,"column":null}},"88":{"start":{"line":166,"column":4},"end":{"line":166,"column":null}},"89":{"start":{"line":166,"column":18},"end":{"line":166,"column":null}},"90":{"start":{"line":167,"column":4},"end":{"line":167,"column":null}},"91":{"start":{"line":185,"column":12},"end":{"line":185,"column":null}},"92":{"start":{"line":186,"column":18},"end":{"line":186,"column":null}},"93":{"start":{"line":188,"column":2},"end":{"line":207,"column":null}},"94":{"start":{"line":188,"column":20},"end":{"line":188,"column":23}},"95":{"start":{"line":189,"column":19},"end":{"line":189,"column":null}},"96":{"start":{"line":189,"column":52},"end":{"line":189,"column":63}},"97":{"start":{"line":191,"column":6},"end":{"line":191,"column":null}},"98":{"start":{"line":191,"column":52},"end":{"line":191,"column":93}},"99":{"start":{"line":192,"column":4},"end":{"line":192,"column":null}},"100":{"start":{"line":192,"column":29},"end":{"line":192,"column":null}},"101":{"start":{"line":193,"column":22},"end":{"line":193,"column":null}},"102":{"start":{"line":193,"column":48},"end":{"line":193,"column":71}},"103":{"start":{"line":194,"column":4},"end":{"line":194,"column":null}},"104":{"start":{"line":194,"column":42},"end":{"line":194,"column":null}},"105":{"start":{"line":196,"column":15},"end":{"line":196,"column":null}},"106":{"start":{"line":197,"column":22},"end":{"line":197,"column":null}},"107":{"start":{"line":198,"column":4},"end":{"line":204,"column":null}},"108":{"start":{"line":199,"column":12},"end":{"line":199,"column":null}},"109":{"start":{"line":200,"column":6},"end":{"line":203,"column":null}},"110":{"start":{"line":201,"column":8},"end":{"line":201,"column":null}},"111":{"start":{"line":202,"column":8},"end":{"line":202,"column":null}},"112":{"start":{"line":205,"column":4},"end":{"line":205,"column":null}},"113":{"start":{"line":205,"column":18},"end":{"line":205,"column":null}},"114":{"start":{"line":206,"column":4},"end":{"line":206,"column":null}},"115":{"start":{"line":209,"column":18},"end":{"line":209,"column":null}},"116":{"start":{"line":210,"column":16},"end":{"line":210,"column":null}},"117":{"start":{"line":211,"column":17},"end":{"line":211,"column":null}},"118":{"start":{"line":211,"column":37},"end":{"line":211,"column":48}},"119":{"start":{"line":212,"column":16},"end":{"line":212,"column":null}},"120":{"start":{"line":212,"column":49},"end":{"line":212,"column":90}},"121":{"start":{"line":213,"column":20},"end":{"line":213,"column":null}},"122":{"start":{"line":213,"column":46},"end":{"line":213,"column":69}},"123":{"start":{"line":215,"column":2},"end":{"line":224,"column":null}},"124":{"start":{"line":216,"column":4},"end":{"line":216,"column":null}},"125":{"start":{"line":216,"column":27},"end":{"line":216,"column":null}},"126":{"start":{"line":217,"column":4},"end":{"line":222,"column":null}},"127":{"start":{"line":218,"column":17},"end":{"line":218,"column":null}},"128":{"start":{"line":219,"column":6},"end":{"line":219,"column":null}},"129":{"start":{"line":219,"column":28},"end":{"line":219,"column":null}},"130":{"start":{"line":220,"column":6},"end":{"line":220,"column":null}},"131":{"start":{"line":220,"column":63},"end":{"line":220,"column":null}},"132":{"start":{"line":221,"column":6},"end":{"line":221,"column":null}},"133":{"start":{"line":223,"column":4},"end":{"line":223,"column":null}},"134":{"start":{"line":227,"column":20},"end":{"line":227,"column":null}},"135":{"start":{"line":227,"column":45},"end":{"line":227,"column":67}},"136":{"start":{"line":228,"column":2},"end":{"line":228,"column":null}},"137":{"start":{"line":228,"column":51},"end":{"line":228,"column":null}},"138":{"start":{"line":229,"column":17},"end":{"line":229,"column":null}},"139":{"start":{"line":230,"column":2},"end":{"line":230,"column":null}},"140":{"start":{"line":230,"column":25},"end":{"line":230,"column":null}},"141":{"start":{"line":231,"column":2},"end":{"line":231,"column":null}},"142":{"start":{"line":235,"column":24},"end":{"line":235,"column":null}},"143":{"start":{"line":236,"column":2},"end":{"line":236,"column":null}},"144":{"start":{"line":236,"column":15},"end":{"line":236,"column":18}},"145":{"start":{"line":236,"column":43},"end":{"line":236,"column":null}},"146":{"start":{"line":236,"column":56},"end":{"line":236,"column":null}},"147":{"start":{"line":237,"column":2},"end":{"line":237,"column":null}}},"fnMap":{"0":{"name":"repartirEtfs","decl":{"start":{"line":57,"column":16},"end":{"line":57,"column":null}},"loc":{"start":{"line":61,"column":19},"end":{"line":83,"column":null}},"line":61},"1":{"name":"(anonymous_1)","decl":{"start":{"line":66,"column":37},"end":{"line":66,"column":45}},"loc":{"start":{"line":66,"column":45},"end":{"line":66,"column":70}},"line":66},"2":{"name":"(anonymous_2)","decl":{"start":{"line":73,"column":28},"end":{"line":73,"column":36}},"loc":{"start":{"line":73,"column":47},"end":{"line":73,"column":70}},"line":73},"3":{"name":"(anonymous_3)","decl":{"start":{"line":74,"column":27},"end":{"line":74,"column":32}},"loc":{"start":{"line":74,"column":39},"end":{"line":74,"column":78}},"line":74},"4":{"name":"(anonymous_4)","decl":{"start":{"line":75,"column":25},"end":{"line":75,"column":30}},"loc":{"start":{"line":75,"column":36},"end":{"line":75,"column":48}},"line":75},"5":{"name":"(anonymous_5)","decl":{"start":{"line":80,"column":5},"end":{"line":80,"column":10}},"loc":{"start":{"line":80,"column":25},"end":{"line":80,"column":58}},"line":80},"6":{"name":"(anonymous_6)","decl":{"start":{"line":81,"column":5},"end":{"line":81,"column":13}},"loc":{"start":{"line":81,"column":19},"end":{"line":81,"column":30}},"line":81},"7":{"name":"(anonymous_7)","decl":{"start":{"line":82,"column":5},"end":{"line":82,"column":11}},"loc":{"start":{"line":82,"column":20},"end":{"line":82,"column":33}},"line":82},"8":{"name":"resolver","decl":{"start":{"line":85,"column":9},"end":{"line":85,"column":null}},"loc":{"start":{"line":90,"column":12},"end":{"line":128,"column":null}},"line":90},"9":{"name":"(anonymous_9)","decl":{"start":{"line":98,"column":37},"end":{"line":98,"column":43}},"loc":{"start":{"line":98,"column":46},"end":{"line":98,"column":91}},"line":98},"10":{"name":"(anonymous_10)","decl":{"start":{"line":103,"column":10},"end":{"line":103,"column":19}},"loc":{"start":{"line":103,"column":30},"end":{"line":105,"column":5}},"line":103},"11":{"name":"(anonymous_11)","decl":{"start":{"line":115,"column":27},"end":{"line":115,"column":35}},"loc":{"start":{"line":115,"column":38},"end":{"line":115,"column":94}},"line":115},"12":{"name":"(anonymous_12)","decl":{"start":{"line":123,"column":24},"end":{"line":123,"column":32}},"loc":{"start":{"line":123,"column":35},"end":{"line":123,"column":89}},"line":123},"13":{"name":"(anonymous_13)","decl":{"start":{"line":124,"column":27},"end":{"line":124,"column":35}},"loc":{"start":{"line":124,"column":46},"end":{"line":124,"column":71}},"line":124},"14":{"name":"podar","decl":{"start":{"line":131,"column":9},"end":{"line":131,"column":null}},"loc":{"start":{"line":136,"column":8},"end":{"line":169,"column":null}},"line":136},"15":{"name":"(anonymous_15)","decl":{"start":{"line":139,"column":28},"end":{"line":139,"column":36}},"loc":{"start":{"line":139,"column":47},"end":{"line":139,"column":70}},"line":139},"16":{"name":"(anonymous_16)","decl":{"start":{"line":142,"column":10},"end":{"line":142,"column":20}},"loc":{"start":{"line":142,"column":35},"end":{"line":142,"column":null}},"line":142},"17":{"name":"repartirConPisos","decl":{"start":{"line":177,"column":9},"end":{"line":177,"column":null}},"loc":{"start":{"line":184,"column":19},"end":{"line":232,"column":null}},"line":184},"18":{"name":"(anonymous_18)","decl":{"start":{"line":189,"column":38},"end":{"line":189,"column":46}},"loc":{"start":{"line":189,"column":52},"end":{"line":189,"column":63}},"line":189},"19":{"name":"(anonymous_19)","decl":{"start":{"line":191,"column":33},"end":{"line":191,"column":41}},"loc":{"start":{"line":191,"column":52},"end":{"line":191,"column":93}},"line":191},"20":{"name":"(anonymous_20)","decl":{"start":{"line":193,"column":29},"end":{"line":193,"column":37}},"loc":{"start":{"line":193,"column":48},"end":{"line":193,"column":71}},"line":193},"21":{"name":"(anonymous_21)","decl":{"start":{"line":211,"column":23},"end":{"line":211,"column":31}},"loc":{"start":{"line":211,"column":37},"end":{"line":211,"column":48}},"line":211},"22":{"name":"(anonymous_22)","decl":{"start":{"line":212,"column":30},"end":{"line":212,"column":38}},"loc":{"start":{"line":212,"column":49},"end":{"line":212,"column":90}},"line":212},"23":{"name":"(anonymous_23)","decl":{"start":{"line":213,"column":27},"end":{"line":213,"column":35}},"loc":{"start":{"line":213,"column":46},"end":{"line":213,"column":69}},"line":213},"24":{"name":"(anonymous_24)","decl":{"start":{"line":227,"column":26},"end":{"line":227,"column":34}},"loc":{"start":{"line":227,"column":45},"end":{"line":227,"column":67}},"line":227},"25":{"name":"indicesVivos","decl":{"start":{"line":234,"column":9},"end":{"line":234,"column":22}},"loc":{"start":{"line":234,"column":58},"end":{"line":238,"column":null}},"line":234}},"branchMap":{"0":{"loc":{"start":{"line":63,"column":2},"end":{"line":63,"column":null}},"type":"if","locations":[{"start":{"line":63,"column":2},"end":{"line":63,"column":null}},{"start":{},"end":{}}],"line":63},"1":{"loc":{"start":{"line":64,"column":2},"end":{"line":64,"column":null}},"type":"if","locations":[{"start":{"line":64,"column":2},"end":{"line":64,"column":null}},{"start":{},"end":{}}],"line":64},"2":{"loc":{"start":{"line":66,"column":52},"end":{"line":66,"column":69}},"type":"binary-expr","locations":[{"start":{"line":66,"column":52},"end":{"line":66,"column":64}},{"start":{"line":66,"column":64},"end":{"line":66,"column":69}}],"line":66},"3":{"loc":{"start":{"line":67,"column":2},"end":{"line":67,"column":null}},"type":"if","locations":[{"start":{"line":67,"column":2},"end":{"line":67,"column":null}},{"start":{},"end":{}}],"line":67},"4":{"loc":{"start":{"line":71,"column":2},"end":{"line":71,"column":null}},"type":"if","locations":[{"start":{"line":71,"column":2},"end":{"line":71,"column":null}},{"start":{},"end":{}}],"line":71},"5":{"loc":{"start":{"line":73,"column":54},"end":{"line":73,"column":70}},"type":"binary-expr","locations":[{"start":{"line":73,"column":54},"end":{"line":73,"column":66}},{"start":{"line":73,"column":66},"end":{"line":73,"column":70}}],"line":73},"6":{"loc":{"start":{"line":74,"column":51},"end":{"line":74,"column":69}},"type":"binary-expr","locations":[{"start":{"line":74,"column":51},"end":{"line":74,"column":63}},{"start":{"line":74,"column":63},"end":{"line":74,"column":69}}],"line":74},"7":{"loc":{"start":{"line":80,"column":40},"end":{"line":80,"column":56}},"type":"binary-expr","locations":[{"start":{"line":80,"column":40},"end":{"line":80,"column":54}},{"start":{"line":80,"column":54},"end":{"line":80,"column":56}}],"line":80},"8":{"loc":{"start":{"line":98,"column":53},"end":{"line":98,"column":74}},"type":"binary-expr","locations":[{"start":{"line":98,"column":53},"end":{"line":98,"column":68}},{"start":{"line":98,"column":68},"end":{"line":98,"column":74}}],"line":98},"9":{"loc":{"start":{"line":98,"column":74},"end":{"line":98,"column":91}},"type":"binary-expr","locations":[{"start":{"line":98,"column":74},"end":{"line":98,"column":89}},{"start":{"line":98,"column":89},"end":{"line":98,"column":91}}],"line":98},"10":{"loc":{"start":{"line":99,"column":4},"end":{"line":99,"column":null}},"type":"if","locations":[{"start":{"line":99,"column":4},"end":{"line":99,"column":null}},{"start":{},"end":{}}],"line":99},"11":{"loc":{"start":{"line":104,"column":18},"end":{"line":104,"column":null}},"type":"cond-expr","locations":[{"start":{"line":104,"column":28},"end":{"line":104,"column":38}},{"start":{"line":104,"column":28},"end":{"line":104,"column":null}}],"line":104},"12":{"loc":{"start":{"line":104,"column":38},"end":{"line":104,"column":67}},"type":"binary-expr","locations":[{"start":{"line":104,"column":38},"end":{"line":104,"column":61}},{"start":{"line":104,"column":61},"end":{"line":104,"column":67}}],"line":104},"13":{"loc":{"start":{"line":108,"column":4},"end":{"line":111,"column":null}},"type":"if","locations":[{"start":{"line":108,"column":4},"end":{"line":111,"column":null}},{"start":{},"end":{}}],"line":108},"14":{"loc":{"start":{"line":114,"column":4},"end":{"line":114,"column":null}},"type":"if","locations":[{"start":{"line":114,"column":4},"end":{"line":114,"column":null}},{"start":{},"end":{}}],"line":114},"15":{"loc":{"start":{"line":115,"column":38},"end":{"line":115,"column":94}},"type":"cond-expr","locations":[{"start":{"line":115,"column":88},"end":{"line":115,"column":92}},{"start":{"line":115,"column":92},"end":{"line":115,"column":94}}],"line":115},"16":{"loc":{"start":{"line":115,"column":46},"end":{"line":115,"column":68}},"type":"binary-expr","locations":[{"start":{"line":115,"column":46},"end":{"line":115,"column":61}},{"start":{"line":115,"column":61},"end":{"line":115,"column":68}}],"line":115},"17":{"loc":{"start":{"line":115,"column":68},"end":{"line":115,"column":88}},"type":"binary-expr","locations":[{"start":{"line":115,"column":68},"end":{"line":115,"column":83}},{"start":{"line":115,"column":83},"end":{"line":115,"column":88}}],"line":115},"18":{"loc":{"start":{"line":121,"column":33},"end":{"line":121,"column":null}},"type":"if","locations":[{"start":{"line":121,"column":33},"end":{"line":121,"column":null}},{"start":{},"end":{}}],"line":121},"19":{"loc":{"start":{"line":122,"column":2},"end":{"line":126,"column":null}},"type":"if","locations":[{"start":{"line":122,"column":2},"end":{"line":126,"column":null}},{"start":{},"end":{}}],"line":122},"20":{"loc":{"start":{"line":123,"column":35},"end":{"line":123,"column":89}},"type":"cond-expr","locations":[{"start":{"line":123,"column":83},"end":{"line":123,"column":87}},{"start":{"line":123,"column":87},"end":{"line":123,"column":89}}],"line":123},"21":{"loc":{"start":{"line":123,"column":43},"end":{"line":123,"column":64}},"type":"binary-expr","locations":[{"start":{"line":123,"column":43},"end":{"line":123,"column":57}},{"start":{"line":123,"column":57},"end":{"line":123,"column":64}}],"line":123},"22":{"loc":{"start":{"line":123,"column":64},"end":{"line":123,"column":83}},"type":"binary-expr","locations":[{"start":{"line":123,"column":64},"end":{"line":123,"column":78}},{"start":{"line":123,"column":78},"end":{"line":123,"column":83}}],"line":123},"23":{"loc":{"start":{"line":124,"column":53},"end":{"line":124,"column":71}},"type":"binary-expr","locations":[{"start":{"line":124,"column":53},"end":{"line":124,"column":67}},{"start":{"line":124,"column":67},"end":{"line":124,"column":71}}],"line":124},"24":{"loc":{"start":{"line":125,"column":22},"end":{"line":125,"column":46}},"type":"binary-expr","locations":[{"start":{"line":125,"column":22},"end":{"line":125,"column":40}},{"start":{"line":125,"column":40},"end":{"line":125,"column":46}}],"line":125},"25":{"loc":{"start":{"line":139,"column":54},"end":{"line":139,"column":70}},"type":"binary-expr","locations":[{"start":{"line":139,"column":54},"end":{"line":139,"column":66}},{"start":{"line":139,"column":66},"end":{"line":139,"column":70}}],"line":139},"26":{"loc":{"start":{"line":140,"column":4},"end":{"line":140,"column":null}},"type":"if","locations":[{"start":{"line":140,"column":4},"end":{"line":140,"column":null}},{"start":{},"end":{}}],"line":140},"27":{"loc":{"start":{"line":140,"column":8},"end":{"line":140,"column":47}},"type":"binary-expr","locations":[{"start":{"line":140,"column":8},"end":{"line":140,"column":29}},{"start":{"line":140,"column":29},"end":{"line":140,"column":47}}],"line":140},"28":{"loc":{"start":{"line":142,"column":44},"end":{"line":142,"column":62}},"type":"binary-expr","locations":[{"start":{"line":142,"column":44},"end":{"line":142,"column":56}},{"start":{"line":142,"column":56},"end":{"line":142,"column":62}}],"line":142},"29":{"loc":{"start":{"line":148,"column":6},"end":{"line":151,"column":null}},"type":"if","locations":[{"start":{"line":148,"column":6},"end":{"line":151,"column":null}},{"start":{},"end":{}}],"line":148},"30":{"loc":{"start":{"line":148,"column":10},"end":{"line":148,"column":59}},"type":"binary-expr","locations":[{"start":{"line":148,"column":10},"end":{"line":148,"column":48}},{"start":{"line":148,"column":48},"end":{"line":148,"column":59}}],"line":148},"31":{"loc":{"start":{"line":154,"column":4},"end":{"line":164,"column":null}},"type":"if","locations":[{"start":{"line":154,"column":4},"end":{"line":164,"column":null}},{"start":{},"end":{}}],"line":154},"32":{"loc":{"start":{"line":156,"column":6},"end":{"line":156,"column":null}},"type":"if","locations":[{"start":{"line":156,"column":6},"end":{"line":156,"column":null}},{"start":{},"end":{}}],"line":156},"33":{"loc":{"start":{"line":159,"column":8},"end":{"line":162,"column":null}},"type":"if","locations":[{"start":{"line":159,"column":8},"end":{"line":162,"column":null}},{"start":{},"end":{}}],"line":159},"34":{"loc":{"start":{"line":166,"column":4},"end":{"line":166,"column":null}},"type":"if","locations":[{"start":{"line":166,"column":4},"end":{"line":166,"column":null}},{"start":{},"end":{}}],"line":166},"35":{"loc":{"start":{"line":191,"column":59},"end":{"line":191,"column":93}},"type":"cond-expr","locations":[{"start":{"line":191,"column":73},"end":{"line":191,"column":89}},{"start":{"line":191,"column":89},"end":{"line":191,"column":93}}],"line":191},"36":{"loc":{"start":{"line":191,"column":73},"end":{"line":191,"column":89}},"type":"binary-expr","locations":[{"start":{"line":191,"column":73},"end":{"line":191,"column":84}},{"start":{"line":191,"column":84},"end":{"line":191,"column":89}}],"line":191},"37":{"loc":{"start":{"line":192,"column":4},"end":{"line":192,"column":null}},"type":"if","locations":[{"start":{"line":192,"column":4},"end":{"line":192,"column":null}},{"start":{},"end":{}}],"line":192},"38":{"loc":{"start":{"line":193,"column":55},"end":{"line":193,"column":71}},"type":"binary-expr","locations":[{"start":{"line":193,"column":55},"end":{"line":193,"column":67}},{"start":{"line":193,"column":67},"end":{"line":193,"column":71}}],"line":193},"39":{"loc":{"start":{"line":194,"column":4},"end":{"line":194,"column":null}},"type":"if","locations":[{"start":{"line":194,"column":4},"end":{"line":194,"column":null}},{"start":{},"end":{}}],"line":194},"40":{"loc":{"start":{"line":194,"column":8},"end":{"line":194,"column":42}},"type":"binary-expr","locations":[{"start":{"line":194,"column":8},"end":{"line":194,"column":28}},{"start":{"line":194,"column":28},"end":{"line":194,"column":42}}],"line":194},"41":{"loc":{"start":{"line":199,"column":22},"end":{"line":199,"column":39}},"type":"binary-expr","locations":[{"start":{"line":199,"column":22},"end":{"line":199,"column":33}},{"start":{"line":199,"column":33},"end":{"line":199,"column":39}}],"line":199},"42":{"loc":{"start":{"line":199,"column":48},"end":{"line":199,"column":66}},"type":"binary-expr","locations":[{"start":{"line":199,"column":48},"end":{"line":199,"column":60}},{"start":{"line":199,"column":60},"end":{"line":199,"column":66}}],"line":199},"43":{"loc":{"start":{"line":200,"column":6},"end":{"line":203,"column":null}},"type":"if","locations":[{"start":{"line":200,"column":6},"end":{"line":203,"column":null}},{"start":{},"end":{}}],"line":200},"44":{"loc":{"start":{"line":205,"column":4},"end":{"line":205,"column":null}},"type":"if","locations":[{"start":{"line":205,"column":4},"end":{"line":205,"column":null}},{"start":{},"end":{}}],"line":205},"45":{"loc":{"start":{"line":212,"column":56},"end":{"line":212,"column":90}},"type":"cond-expr","locations":[{"start":{"line":212,"column":70},"end":{"line":212,"column":86}},{"start":{"line":212,"column":86},"end":{"line":212,"column":90}}],"line":212},"46":{"loc":{"start":{"line":212,"column":70},"end":{"line":212,"column":86}},"type":"binary-expr","locations":[{"start":{"line":212,"column":70},"end":{"line":212,"column":81}},{"start":{"line":212,"column":81},"end":{"line":212,"column":86}}],"line":212},"47":{"loc":{"start":{"line":213,"column":53},"end":{"line":213,"column":69}},"type":"binary-expr","locations":[{"start":{"line":213,"column":53},"end":{"line":213,"column":65}},{"start":{"line":213,"column":65},"end":{"line":213,"column":69}}],"line":213},"48":{"loc":{"start":{"line":215,"column":2},"end":{"line":224,"column":null}},"type":"if","locations":[{"start":{"line":215,"column":2},"end":{"line":224,"column":null}},{"start":{},"end":{}}],"line":215},"49":{"loc":{"start":{"line":215,"column":6},"end":{"line":215,"column":44}},"type":"binary-expr","locations":[{"start":{"line":215,"column":6},"end":{"line":215,"column":27}},{"start":{"line":215,"column":27},"end":{"line":215,"column":44}}],"line":215},"50":{"loc":{"start":{"line":216,"column":40},"end":{"line":216,"column":null}},"type":"cond-expr","locations":[{"start":{"line":216,"column":54},"end":{"line":216,"column":70}},{"start":{"line":216,"column":70},"end":{"line":216,"column":null}}],"line":216},"51":{"loc":{"start":{"line":216,"column":54},"end":{"line":216,"column":70}},"type":"binary-expr","locations":[{"start":{"line":216,"column":54},"end":{"line":216,"column":65}},{"start":{"line":216,"column":65},"end":{"line":216,"column":70}}],"line":216},"52":{"loc":{"start":{"line":218,"column":26},"end":{"line":218,"column":44}},"type":"binary-expr","locations":[{"start":{"line":218,"column":26},"end":{"line":218,"column":38}},{"start":{"line":218,"column":38},"end":{"line":218,"column":44}}],"line":218},"53":{"loc":{"start":{"line":219,"column":6},"end":{"line":219,"column":null}},"type":"if","locations":[{"start":{"line":219,"column":6},"end":{"line":219,"column":null}},{"start":{},"end":{}}],"line":219},"54":{"loc":{"start":{"line":220,"column":6},"end":{"line":220,"column":null}},"type":"if","locations":[{"start":{"line":220,"column":6},"end":{"line":220,"column":null}},{"start":{},"end":{}}],"line":220},"55":{"loc":{"start":{"line":220,"column":38},"end":{"line":220,"column":58}},"type":"binary-expr","locations":[{"start":{"line":220,"column":38},"end":{"line":220,"column":53}},{"start":{"line":220,"column":53},"end":{"line":220,"column":58}}],"line":220},"56":{"loc":{"start":{"line":227,"column":52},"end":{"line":227,"column":67}},"type":"binary-expr","locations":[{"start":{"line":227,"column":52},"end":{"line":227,"column":63}},{"start":{"line":227,"column":63},"end":{"line":227,"column":67}}],"line":227},"57":{"loc":{"start":{"line":228,"column":2},"end":{"line":228,"column":null}},"type":"if","locations":[{"start":{"line":228,"column":2},"end":{"line":228,"column":null}},{"start":{},"end":{}}],"line":228},"58":{"loc":{"start":{"line":228,"column":6},"end":{"line":228,"column":51}},"type":"binary-expr","locations":[{"start":{"line":228,"column":6},"end":{"line":228,"column":26}},{"start":{"line":228,"column":26},"end":{"line":228,"column":51}}],"line":228},"59":{"loc":{"start":{"line":230,"column":39},"end":{"line":230,"column":55}},"type":"binary-expr","locations":[{"start":{"line":230,"column":39},"end":{"line":230,"column":50}},{"start":{"line":230,"column":50},"end":{"line":230,"column":55}}],"line":230},"60":{"loc":{"start":{"line":236,"column":43},"end":{"line":236,"column":null}},"type":"if","locations":[{"start":{"line":236,"column":43},"end":{"line":236,"column":null}},{"start":{},"end":{}}],"line":236}},"s":{"0":1,"1":1,"2":1,"3":1,"4":1,"5":1,"6":1,"7":21,"8":21,"9":1,"10":20,"11":1,"12":19,"13":90,"14":19,"15":1,"16":18,"17":1,"18":17,"19":85,"20":17,"21":85,"22":17,"23":85,"24":17,"25":17,"26":85,"27":85,"28":66,"29":17,"30":17,"31":17,"32":17,"33":17,"34":17,"35":17,"36":68,"37":17,"38":0,"39":17,"40":17,"41":59,"42":17,"43":17,"44":17,"45":17,"46":0,"47":0,"48":0,"49":0,"50":0,"51":0,"52":17,"53":17,"54":17,"55":85,"56":26,"57":17,"58":17,"59":42,"60":17,"61":59,"62":17,"63":17,"64":17,"65":17,"66":43,"67":43,"68":163,"69":43,"70":3,"71":40,"72":163,"73":40,"74":40,"75":40,"76":160,"77":160,"78":51,"79":51,"80":40,"81":15,"82":14,"83":1,"84":3,"85":3,"86":2,"87":2,"88":26,"89":0,"90":26,"91":17,"92":17,"93":17,"94":17,"95":32,"96":123,"97":32,"98":123,"99":32,"100":0,"101":32,"102":98,"103":32,"104":0,"105":32,"106":32,"107":32,"108":98,"109":98,"110":21,"111":21,"112":32,"113":17,"114":15,"115":32,"116":32,"117":32,"118":59,"119":32,"120":59,"121":32,"122":44,"123":32,"124":17,"125":59,"126":17,"127":44,"128":44,"129":0,"130":44,"131":0,"132":44,"133":17,"134":0,"135":0,"136":0,"137":0,"138":0,"139":0,"140":0,"141":0,"142":158,"143":158,"144":158,"145":790,"146":586,"147":158},"f":{"0":21,"1":90,"2":85,"3":85,"4":85,"5":85,"6":85,"7":66,"8":17,"9":68,"10":59,"11":0,"12":42,"13":59,"14":17,"15":163,"16":163,"17":17,"18":123,"19":123,"20":98,"21":59,"22":59,"23":44,"24":0,"25":158},"b":{"0":[1,20],"1":[1,19],"2":[90,0],"3":[1,18],"4":[1,17],"5":[85,0],"6":[85,0],"7":[85,0],"8":[68,0],"9":[68,0],"10":[0,17],"11":[17,42],"12":[42,0],"13":[17,0],"14":[0,0],"15":[0,0],"16":[0,0],"17":[0,0],"18":[26,59],"19":[17,0],"20":[33,9],"21":[42,0],"22":[42,0],"23":[59,0],"24":[17,0],"25":[163,0],"26":[3,40],"27":[43,40],"28":[163,0],"29":[51,109],"30":[160,54],"31":[15,25],"32":[14,1],"33":[2,1],"34":[0,26],"35":[25,98],"36":[25,0],"37":[0,32],"38":[98,0],"39":[0,32],"40":[32,32],"41":[98,0],"42":[98,0],"43":[21,77],"44":[17,15],"45":[15,44],"46":[15,0],"47":[44,0],"48":[17,15],"49":[32,17],"50":[15,44],"51":[15,0],"52":[44,0],"53":[0,44],"54":[0,44],"55":[44,0],"56":[0,0],"57":[0,0],"58":[0,0],"59":[0,0],"60":[586,204]},"meta":{"lastBranch":61,"lastFunction":26,"lastStatement":148,"seen":{"s:22:24:22:Infinity":0,"s:25:23:25:Infinity":1,"s:28:19:28:Infinity":2,"s:30:12:30:Infinity":3,"s:31:12:31:Infinity":4,"s:32:20:32:Infinity":5,"s:33:19:33:Infinity":6,"f:57:16:57:Infinity":0,"s:62:37:62:Infinity":7,"b:63:2:63:Infinity:undefined:undefined:undefined:undefined":0,"s:63:2:63:Infinity":8,"s:63:25:63:Infinity":9,"b:64:2:64:Infinity:undefined:undefined:undefined:undefined":1,"s:64:2:64:Infinity":10,"s:64:23:64:Infinity":11,"s:66:18:66:Infinity":12,"f:66:37:66:45":1,"s:66:45:66:70":13,"b:66:52:66:64:66:64:66:69":2,"b:67:2:67:Infinity:undefined:undefined:undefined:undefined":3,"s:67:2:67:Infinity":14,"s:67:28:67:Infinity":15,"b:71:2:71:Infinity:undefined:undefined:undefined:undefined":4,"s:71:2:71:Infinity":16,"s:71:37:71:Infinity":17,"s:73:20:73:Infinity":18,"f:73:28:73:36":2,"s:73:47:73:70":19,"b:73:54:73:66:73:66:73:70":5,"s:74:19:74:Infinity":20,"f:74:27:74:32":3,"s:74:39:74:78":21,"b:74:51:74:63:74:63:74:69":6,"s:75:16:75:Infinity":22,"f:75:25:75:30":4,"s:75:36:75:48":23,"s:77:18:77:Infinity":24,"s:79:2:82:Infinity":25,"f:80:5:80:10":5,"s:80:25:80:58":26,"b:80:40:80:54:80:54:80:56":7,"f:81:5:81:13":6,"s:81:19:81:30":27,"f:82:5:82:11":7,"s:82:20:82:33":28,"f:85:9:85:Infinity":8,"s:91:12:91:Infinity":29,"s:92:15:92:Infinity":30,"s:93:16:93:Infinity":31,"s:95:2:95:Infinity":32,"s:97:2:117:Infinity":33,"s:97:19:97:22":34,"s:98:18:98:Infinity":35,"f:98:37:98:43":9,"s:98:46:98:91":36,"b:98:53:98:68:98:68:98:74":8,"b:98:74:98:89:98:89:98:91":9,"b:99:4:99:Infinity:undefined:undefined:undefined:undefined":10,"s:99:4:99:Infinity":37,"s:99:28:99:Infinity":38,"s:102:17:102:Infinity":39,"s:103:4:105:Infinity":40,"f:103:10:103:19":10,"s:104:6:104:Infinity":41,"b:104:28:104:38:104:28:104:Infinity":11,"b:104:38:104:61:104:61:104:67":12,"s:107:20:107:Infinity":42,"b:108:4:111:Infinity:undefined:undefined:undefined:undefined":13,"s:108:4:111:Infinity":43,"s:109:6:109:Infinity":44,"s:110:6:110:Infinity":45,"s:113:18:113:Infinity":46,"b:114:4:114:Infinity:undefined:undefined:undefined:undefined":14,"s:114:4:114:Infinity":47,"s:114:27:114:Infinity":48,"s:115:21:115:Infinity":49,"f:115:27:115:35":11,"s:115:38:115:94":50,"b:115:88:115:92:115:92:115:94":15,"b:115:46:115:61:115:61:115:68":16,"b:115:68:115:83:115:83:115:88":17,"s:116:4:116:Infinity":51,"s:120:16:120:Infinity":52,"s:121:2:121:Infinity":53,"s:121:15:121:18":54,"b:121:33:121:Infinity:undefined:undefined:undefined:undefined":18,"s:121:33:121:Infinity":55,"s:121:47:121:Infinity":56,"b:122:2:126:Infinity:undefined:undefined:undefined:undefined":19,"s:122:2:126:Infinity":57,"s:123:18:123:Infinity":58,"f:123:24:123:32":12,"s:123:35:123:89":59,"b:123:83:123:87:123:87:123:89":20,"b:123:43:123:57:123:57:123:64":21,"b:123:64:123:78:123:78:123:83":22,"s:124:21:124:Infinity":60,"f:124:27:124:35":13,"s:124:46:124:71":61,"b:124:53:124:67:124:67:124:71":23,"s:125:4:125:Infinity":62,"b:125:22:125:40:125:40:125:46":24,"s:127:2:127:Infinity":63,"f:131:9:131:Infinity":14,"s:137:2:168:Infinity":64,"s:137:20:137:23":65,"s:138:18:138:Infinity":66,"s:139:22:139:Infinity":67,"f:139:28:139:36":15,"s:139:47:139:70":68,"b:139:54:139:66:139:66:139:70":25,"b:140:4:140:Infinity:undefined:undefined:undefined:undefined":26,"s:140:4:140:Infinity":69,"b:140:8:140:29:140:29:140:47":27,"s:140:47:140:Infinity":70,"s:142:10:142:Infinity":71,"f:142:10:142:20":16,"s:142:35:142:Infinity":72,"b:142:44:142:56:142:56:142:62":28,"s:144:15:144:Infinity":73,"s:145:16:145:Infinity":74,"s:146:4:152:Infinity":75,"s:147:16:147:Infinity":76,"b:148:6:151:Infinity:undefined:undefined:undefined:undefined":29,"s:148:6:151:Infinity":77,"b:148:10:148:48:148:48:148:59":30,"s:149:8:149:Infinity":78,"s:150:8:150:Infinity":79,"b:154:4:164:Infinity:undefined:undefined:undefined:undefined":31,"s:154:4:164:Infinity":80,"b:156:6:156:Infinity:undefined:undefined:undefined:undefined":32,"s:156:6:156:Infinity":81,"s:156:48:156:Infinity":82,"s:157:6:163:Infinity":83,"s:158:18:158:Infinity":84,"b:159:8:162:Infinity:undefined:undefined:undefined:undefined":33,"s:159:8:162:Infinity":85,"s:160:10:160:Infinity":86,"s:161:10:161:Infinity":87,"b:166:4:166:Infinity:undefined:undefined:undefined:undefined":34,"s:166:4:166:Infinity":88,"s:166:18:166:Infinity":89,"s:167:4:167:Infinity":90,"f:177:9:177:Infinity":17,"s:185:12:185:Infinity":91,"s:186:18:186:Infinity":92,"s:188:2:207:Infinity":93,"s:188:20:188:23":94,"s:189:19:189:Infinity":95,"f:189:38:189:46":18,"s:189:52:189:63":96,"s:191:6:191:Infinity":97,"f:191:33:191:41":19,"s:191:52:191:93":98,"b:191:73:191:89:191:89:191:93":35,"b:191:73:191:84:191:84:191:89":36,"b:192:4:192:Infinity:undefined:undefined:undefined:undefined":37,"s:192:4:192:Infinity":99,"s:192:29:192:Infinity":100,"s:193:22:193:Infinity":101,"f:193:29:193:37":20,"s:193:48:193:71":102,"b:193:55:193:67:193:67:193:71":38,"b:194:4:194:Infinity:undefined:undefined:undefined:undefined":39,"s:194:4:194:Infinity":103,"b:194:8:194:28:194:28:194:42":40,"s:194:42:194:Infinity":104,"s:196:15:196:Infinity":105,"s:197:22:197:Infinity":106,"s:198:4:204:Infinity":107,"s:199:12:199:Infinity":108,"b:199:22:199:33:199:33:199:39":41,"b:199:48:199:60:199:60:199:66":42,"b:200:6:203:Infinity:undefined:undefined:undefined:undefined":43,"s:200:6:203:Infinity":109,"s:201:8:201:Infinity":110,"s:202:8:202:Infinity":111,"b:205:4:205:Infinity:undefined:undefined:undefined:undefined":44,"s:205:4:205:Infinity":112,"s:205:18:205:Infinity":113,"s:206:4:206:Infinity":114,"s:209:18:209:Infinity":115,"s:210:16:210:Infinity":116,"s:211:17:211:Infinity":117,"f:211:23:211:31":21,"s:211:37:211:48":118,"s:212:16:212:Infinity":119,"f:212:30:212:38":22,"s:212:49:212:90":120,"b:212:70:212:86:212:86:212:90":45,"b:212:70:212:81:212:81:212:86":46,"s:213:20:213:Infinity":121,"f:213:27:213:35":23,"s:213:46:213:69":122,"b:213:53:213:65:213:65:213:69":47,"b:215:2:224:Infinity:undefined:undefined:undefined:undefined":48,"s:215:2:224:Infinity":123,"b:215:6:215:27:215:27:215:44":49,"s:216:4:216:Infinity":124,"s:216:27:216:Infinity":125,"b:216:54:216:70:216:70:216:Infinity":50,"b:216:54:216:65:216:65:216:70":51,"s:217:4:222:Infinity":126,"s:218:17:218:Infinity":127,"b:218:26:218:38:218:38:218:44":52,"b:219:6:219:Infinity:undefined:undefined:undefined:undefined":53,"s:219:6:219:Infinity":128,"s:219:28:219:Infinity":129,"b:220:6:220:Infinity:undefined:undefined:undefined:undefined":54,"s:220:6:220:Infinity":130,"b:220:38:220:53:220:53:220:58":55,"s:220:63:220:Infinity":131,"s:221:6:221:Infinity":132,"s:223:4:223:Infinity":133,"s:227:20:227:Infinity":134,"f:227:26:227:34":24,"s:227:45:227:67":135,"b:227:52:227:63:227:63:227:67":56,"b:228:2:228:Infinity:undefined:undefined:undefined:undefined":57,"s:228:2:228:Infinity":136,"b:228:6:228:26:228:26:228:51":58,"s:228:51:228:Infinity":137,"s:229:17:229:Infinity":138,"s:230:2:230:Infinity":139,"s:230:25:230:Infinity":140,"b:230:39:230:50:230:50:230:55":59,"s:231:2:231:Infinity":141,"f:234:9:234:22":25,"s:235:24:235:Infinity":142,"s:236:2:236:Infinity":143,"s:236:15:236:18":144,"b:236:43:236:Infinity:undefined:undefined:undefined:undefined":60,"s:236:43:236:Infinity":145,"s:236:56:236:Infinity":146,"s:237:2:237:Infinity":147},"fnNames":{}}}
,"C:\\Users\\Rodrigo Challco\\Downloads\\AURORA SABBI\\packages\\core\\src\\rules\\reparto.ts": {"path":"C:\\Users\\Rodrigo Challco\\Downloads\\AURORA SABBI\\packages\\core\\src\\rules\\reparto.ts","statementMap":{"0":{"start":{"line":11,"column":12},"end":{"line":11,"column":null}},"1":{"start":{"line":14,"column":24},"end":{"line":14,"column":null}},"2":{"start":{"line":41,"column":2},"end":{"line":45,"column":null}},"3":{"start":{"line":42,"column":4},"end":{"line":44,"column":null}},"4":{"start":{"line":47,"column":23},"end":{"line":47,"column":null}},"5":{"start":{"line":48,"column":20},"end":{"line":48,"column":null}},"6":{"start":{"line":48,"column":46},"end":{"line":48,"column":80}},"7":{"start":{"line":49,"column":2},"end":{"line":54,"column":null}},"8":{"start":{"line":50,"column":4},"end":{"line":53,"column":null}},"9":{"start":{"line":56,"column":19},"end":{"line":56,"column":null}},"10":{"start":{"line":56,"column":55},"end":{"line":56,"column":84}},"11":{"start":{"line":59,"column":19},"end":{"line":59,"column":null}},"12":{"start":{"line":60,"column":2},"end":{"line":65,"column":null}},"13":{"start":{"line":61,"column":4},"end":{"line":64,"column":null}},"14":{"start":{"line":62,"column":19},"end":{"line":62,"column":null}},"15":{"start":{"line":63,"column":6},"end":{"line":63,"column":null}},"16":{"start":{"line":63,"column":20},"end":{"line":63,"column":null}},"17":{"start":{"line":67,"column":19},"end":{"line":67,"column":null}},"18":{"start":{"line":68,"column":18},"end":{"line":68,"column":null}},"19":{"start":{"line":69,"column":13},"end":{"line":69,"column":null}},"20":{"start":{"line":70,"column":20},"end":{"line":70,"column":null}},"21":{"start":{"line":72,"column":2},"end":{"line":96,"column":null}},"22":{"start":{"line":73,"column":4},"end":{"line":73,"column":null}},"23":{"start":{"line":75,"column":22},"end":{"line":75,"column":null}},"24":{"start":{"line":75,"column":55},"end":{"line":75,"column":75}},"25":{"start":{"line":76,"column":4},"end":{"line":80,"column":null}},"26":{"start":{"line":77,"column":6},"end":{"line":77,"column":null}},"27":{"start":{"line":78,"column":6},"end":{"line":78,"column":null}},"28":{"start":{"line":79,"column":6},"end":{"line":79,"column":null}},"29":{"start":{"line":82,"column":4},"end":{"line":82,"column":null}},"30":{"start":{"line":83,"column":4},"end":{"line":83,"column":null}},"31":{"start":{"line":83,"column":49},"end":{"line":83,"column":73}},"32":{"start":{"line":85,"column":20},"end":{"line":87,"column":null}},"33":{"start":{"line":86,"column":7},"end":{"line":86,"column":null}},"34":{"start":{"line":88,"column":4},"end":{"line":88,"column":null}},"35":{"start":{"line":88,"column":30},"end":{"line":88,"column":null}},"36":{"start":{"line":90,"column":4},"end":{"line":95,"column":null}},"37":{"start":{"line":91,"column":19},"end":{"line":91,"column":null}},"38":{"start":{"line":92,"column":6},"end":{"line":92,"column":null}},"39":{"start":{"line":93,"column":6},"end":{"line":93,"column":null}},"40":{"start":{"line":94,"column":6},"end":{"line":94,"column":null}},"41":{"start":{"line":98,"column":35},"end":{"line":109,"column":null}},"42":{"start":{"line":99,"column":17},"end":{"line":99,"column":null}},"43":{"start":{"line":100,"column":20},"end":{"line":100,"column":null}},"44":{"start":{"line":101,"column":21},"end":{"line":101,"column":null}},"45":{"start":{"line":102,"column":4},"end":{"line":108,"column":null}},"46":{"start":{"line":111,"column":2},"end":{"line":111,"column":null}},"47":{"start":{"line":115,"column":14},"end":{"line":115,"column":null}},"48":{"start":{"line":116,"column":2},"end":{"line":121,"column":null}},"49":{"start":{"line":117,"column":4},"end":{"line":119,"column":null}},"50":{"start":{"line":118,"column":6},"end":{"line":118,"column":null}},"51":{"start":{"line":120,"column":4},"end":{"line":120,"column":null}},"52":{"start":{"line":122,"column":2},"end":{"line":122,"column":null}},"53":{"start":{"line":126,"column":14},"end":{"line":126,"column":null}},"54":{"start":{"line":127,"column":2},"end":{"line":127,"column":null}},"55":{"start":{"line":127,"column":27},"end":{"line":127,"column":null}},"56":{"start":{"line":128,"column":2},"end":{"line":128,"column":null}}},"fnMap":{"0":{"name":"repartirPorClase","decl":{"start":{"line":36,"column":16},"end":{"line":36,"column":null}},"loc":{"start":{"line":40,"column":20},"end":{"line":112,"column":null}},"line":40},"1":{"name":"(anonymous_1)","decl":{"start":{"line":48,"column":27},"end":{"line":48,"column":35}},"loc":{"start":{"line":48,"column":46},"end":{"line":48,"column":80}},"line":48},"2":{"name":"(anonymous_2)","decl":{"start":{"line":56,"column":47},"end":{"line":56,"column":55}},"loc":{"start":{"line":56,"column":55},"end":{"line":56,"column":84}},"line":56},"3":{"name":"(anonymous_3)","decl":{"start":{"line":75,"column":36},"end":{"line":75,"column":44}},"loc":{"start":{"line":75,"column":55},"end":{"line":75,"column":75}},"line":75},"4":{"name":"(anonymous_4)","decl":{"start":{"line":83,"column":38},"end":{"line":83,"column":43}},"loc":{"start":{"line":83,"column":49},"end":{"line":83,"column":73}},"line":83},"5":{"name":"(anonymous_5)","decl":{"start":{"line":85,"column":34},"end":{"line":85,"column":null}},"loc":{"start":{"line":86,"column":7},"end":{"line":86,"column":null}},"line":86},"6":{"name":"(anonymous_6)","decl":{"start":{"line":98,"column":42},"end":{"line":98,"column":47}},"loc":{"start":{"line":98,"column":57},"end":{"line":109,"column":3}},"line":98},"7":{"name":"acumularPisos","decl":{"start":{"line":114,"column":9},"end":{"line":114,"column":23}},"loc":{"start":{"line":114,"column":73},"end":{"line":123,"column":null}},"line":114},"8":{"name":"suma","decl":{"start":{"line":125,"column":9},"end":{"line":125,"column":14}},"loc":{"start":{"line":125,"column":49},"end":{"line":129,"column":null}},"line":125}},"branchMap":{"0":{"loc":{"start":{"line":41,"column":2},"end":{"line":45,"column":null}},"type":"if","locations":[{"start":{"line":41,"column":2},"end":{"line":45,"column":null}},{"start":{},"end":{}}],"line":41},"1":{"loc":{"start":{"line":41,"column":6},"end":{"line":41,"column":71}},"type":"binary-expr","locations":[{"start":{"line":41,"column":6},"end":{"line":41,"column":46}},{"start":{"line":41,"column":46},"end":{"line":41,"column":71}}],"line":41},"2":{"loc":{"start":{"line":48,"column":53},"end":{"line":48,"column":80}},"type":"binary-expr","locations":[{"start":{"line":48,"column":53},"end":{"line":48,"column":76}},{"start":{"line":48,"column":76},"end":{"line":48,"column":80}}],"line":48},"3":{"loc":{"start":{"line":49,"column":2},"end":{"line":54,"column":null}},"type":"if","locations":[{"start":{"line":49,"column":2},"end":{"line":54,"column":null}},{"start":{},"end":{}}],"line":49},"4":{"loc":{"start":{"line":56,"column":62},"end":{"line":56,"column":83}},"type":"binary-expr","locations":[{"start":{"line":56,"column":62},"end":{"line":56,"column":78}},{"start":{"line":56,"column":78},"end":{"line":56,"column":83}}],"line":56},"5":{"loc":{"start":{"line":61,"column":4},"end":{"line":64,"column":null}},"type":"if","locations":[{"start":{"line":61,"column":4},"end":{"line":64,"column":null}},{"start":{},"end":{}}],"line":61},"6":{"loc":{"start":{"line":62,"column":19},"end":{"line":62,"column":null}},"type":"binary-expr","locations":[{"start":{"line":62,"column":19},"end":{"line":62,"column":46}},{"start":{"line":62,"column":46},"end":{"line":62,"column":null}}],"line":62},"7":{"loc":{"start":{"line":63,"column":6},"end":{"line":63,"column":null}},"type":"if","locations":[{"start":{"line":63,"column":6},"end":{"line":63,"column":null}},{"start":{},"end":{}}],"line":63},"8":{"loc":{"start":{"line":76,"column":4},"end":{"line":80,"column":null}},"type":"if","locations":[{"start":{"line":76,"column":4},"end":{"line":80,"column":null}},{"start":{},"end":{}}],"line":76},"9":{"loc":{"start":{"line":76,"column":8},"end":{"line":76,"column":47}},"type":"binary-expr","locations":[{"start":{"line":76,"column":8},"end":{"line":76,"column":31}},{"start":{"line":76,"column":31},"end":{"line":76,"column":47}}],"line":76},"10":{"loc":{"start":{"line":86,"column":14},"end":{"line":86,"column":44}},"type":"binary-expr","locations":[{"start":{"line":86,"column":14},"end":{"line":86,"column":37}},{"start":{"line":86,"column":37},"end":{"line":86,"column":44}}],"line":86},"11":{"loc":{"start":{"line":86,"column":44},"end":{"line":86,"column":69}},"type":"binary-expr","locations":[{"start":{"line":86,"column":44},"end":{"line":86,"column":64}},{"start":{"line":86,"column":64},"end":{"line":86,"column":69}}],"line":86},"12":{"loc":{"start":{"line":88,"column":4},"end":{"line":88,"column":null}},"type":"if","locations":[{"start":{"line":88,"column":4},"end":{"line":88,"column":null}},{"start":{},"end":{}}],"line":88},"13":{"loc":{"start":{"line":91,"column":19},"end":{"line":91,"column":null}},"type":"binary-expr","locations":[{"start":{"line":91,"column":19},"end":{"line":91,"column":46}},{"start":{"line":91,"column":46},"end":{"line":91,"column":null}}],"line":91},"14":{"loc":{"start":{"line":99,"column":17},"end":{"line":99,"column":null}},"type":"binary-expr","locations":[{"start":{"line":99,"column":17},"end":{"line":99,"column":44}},{"start":{"line":99,"column":44},"end":{"line":99,"column":null}}],"line":99},"15":{"loc":{"start":{"line":101,"column":21},"end":{"line":101,"column":null}},"type":"cond-expr","locations":[{"start":{"line":101,"column":32},"end":{"line":101,"column":61}},{"start":{"line":101,"column":61},"end":{"line":101,"column":null}}],"line":101},"16":{"loc":{"start":{"line":101,"column":32},"end":{"line":101,"column":61}},"type":"binary-expr","locations":[{"start":{"line":101,"column":32},"end":{"line":101,"column":55}},{"start":{"line":101,"column":55},"end":{"line":101,"column":61}}],"line":101},"17":{"loc":{"start":{"line":101,"column":61},"end":{"line":101,"column":null}},"type":"binary-expr","locations":[{"start":{"line":101,"column":61},"end":{"line":101,"column":85}},{"start":{"line":101,"column":85},"end":{"line":101,"column":null}}],"line":101},"18":{"loc":{"start":{"line":117,"column":4},"end":{"line":119,"column":null}},"type":"if","locations":[{"start":{"line":117,"column":4},"end":{"line":119,"column":null}},{"start":{},"end":{}}],"line":117},"19":{"loc":{"start":{"line":120,"column":25},"end":{"line":120,"column":53}},"type":"binary-expr","locations":[{"start":{"line":120,"column":25},"end":{"line":120,"column":48}},{"start":{"line":120,"column":48},"end":{"line":120,"column":53}}],"line":120}},"s":{"0":1,"1":1,"2":18,"3":1,"4":17,"5":17,"6":80,"7":17,"8":1,"9":15,"10":75,"11":15,"12":15,"13":75,"14":2,"15":2,"16":1,"17":15,"18":15,"19":15,"20":15,"21":15,"22":26,"23":26,"24":111,"25":26,"26":1,"27":1,"28":1,"29":25,"30":25,"31":111,"32":25,"33":111,"34":25,"35":14,"36":11,"37":15,"38":15,"39":15,"40":15,"41":15,"42":75,"43":75,"44":75,"45":75,"46":15,"47":17,"48":17,"49":19,"50":1,"51":18,"52":16,"53":15,"54":15,"55":1,"56":15},"f":{"0":18,"1":80,"2":75,"3":111,"4":111,"5":111,"6":75,"7":17,"8":15},"b":{"0":[1,17],"1":[18,18],"2":[80,63],"3":[1,16],"4":[75,0],"5":[2,73],"6":[2,1],"7":[1,1],"8":[1,25],"9":[26,25],"10":[111,95],"11":[111,0],"12":[14,11],"13":[15,3],"14":[75,59],"15":[16,59],"16":[16,0],"17":[59,1],"18":[1,18],"19":[18,17]},"meta":{"lastBranch":20,"lastFunction":9,"lastStatement":57,"seen":{"s:11:12:11:Infinity":0,"s:14:24:14:Infinity":1,"f:36:16:36:Infinity":0,"b:41:2:45:Infinity:undefined:undefined:undefined:undefined":0,"s:41:2:45:Infinity":2,"b:41:6:41:46:41:46:41:71":1,"s:42:4:44:Infinity":3,"s:47:23:47:Infinity":4,"s:48:20:48:Infinity":5,"f:48:27:48:35":1,"s:48:46:48:80":6,"b:48:53:48:76:48:76:48:80":2,"b:49:2:54:Infinity:undefined:undefined:undefined:undefined":3,"s:49:2:54:Infinity":7,"s:50:4:53:Infinity":8,"s:56:19:56:Infinity":9,"f:56:47:56:55":2,"s:56:55:56:84":10,"b:56:62:56:78:56:78:56:83":4,"s:59:19:59:Infinity":11,"s:60:2:65:Infinity":12,"b:61:4:64:Infinity:undefined:undefined:undefined:undefined":5,"s:61:4:64:Infinity":13,"s:62:19:62:Infinity":14,"b:62:19:62:46:62:46:62:Infinity":6,"b:63:6:63:Infinity:undefined:undefined:undefined:undefined":7,"s:63:6:63:Infinity":15,"s:63:20:63:Infinity":16,"s:67:19:67:Infinity":17,"s:68:18:68:Infinity":18,"s:69:13:69:Infinity":19,"s:70:20:70:Infinity":20,"s:72:2:96:Infinity":21,"s:73:4:73:Infinity":22,"s:75:22:75:Infinity":23,"f:75:36:75:44":3,"s:75:55:75:75":24,"b:76:4:80:Infinity:undefined:undefined:undefined:undefined":8,"s:76:4:80:Infinity":25,"b:76:8:76:31:76:31:76:47":9,"s:77:6:77:Infinity":26,"s:78:6:78:Infinity":27,"s:79:6:79:Infinity":28,"s:82:4:82:Infinity":29,"s:83:4:83:Infinity":30,"f:83:38:83:43":4,"s:83:49:83:73":31,"s:85:20:87:Infinity":32,"f:85:34:85:Infinity":5,"s:86:7:86:Infinity":33,"b:86:14:86:37:86:37:86:44":10,"b:86:44:86:64:86:64:86:69":11,"b:88:4:88:Infinity:undefined:undefined:undefined:undefined":12,"s:88:4:88:Infinity":34,"s:88:30:88:Infinity":35,"s:90:4:95:Infinity":36,"s:91:19:91:Infinity":37,"b:91:19:91:46:91:46:91:Infinity":13,"s:92:6:92:Infinity":38,"s:93:6:93:Infinity":39,"s:94:6:94:Infinity":40,"s:98:35:109:Infinity":41,"f:98:42:98:47":6,"s:99:17:99:Infinity":42,"b:99:17:99:44:99:44:99:Infinity":14,"s:100:20:100:Infinity":43,"s:101:21:101:Infinity":44,"b:101:32:101:61:101:61:101:Infinity":15,"b:101:32:101:55:101:55:101:61":16,"b:101:61:101:85:101:85:101:Infinity":17,"s:102:4:108:Infinity":45,"s:111:2:111:Infinity":46,"f:114:9:114:23":7,"s:115:14:115:Infinity":47,"s:116:2:121:Infinity":48,"b:117:4:119:Infinity:undefined:undefined:undefined:undefined":18,"s:117:4:119:Infinity":49,"s:118:6:118:Infinity":50,"s:120:4:120:Infinity":51,"b:120:25:120:48:120:48:120:53":19,"s:122:2:122:Infinity":52,"f:125:9:125:14":8,"s:126:14:126:Infinity":53,"s:127:2:127:Infinity":54,"s:127:27:127:Infinity":55,"s:128:2:128:Infinity":56},"fnNames":{}}}
}
